<?xml version="1.0" encoding="UTF-8"?>
<!-- Generated by org.testng.reporters.JUnitReportReporter -->
<testsuite skipped="0" hostname="INPUSCPC10382" name="tests.APITesting" tests="1" failures="0" timestamp="23 Jul 2018 11:23:24 GMT" time="0.963" errors="0">
  <testcase name="testGetAPI" time="0.963" classname="tests.APITesting"/>
</testsuite> <!-- tests.APITesting -->
