<?xml version="1.0" encoding="UTF-8"?>
<!-- Generated by org.testng.reporters.JUnitReportReporter -->
<testsuite skipped="0" hostname="INPUSCPC10382" name="tests.SmokeTests" tests="1" failures="0" timestamp="26 Jul 2018 05:57:33 GMT" time="1.308" errors="0">
  <testcase name="getExcelData" time="1.308" classname="tests.SmokeTests"/>
</testsuite> <!-- tests.SmokeTests -->
