<?xml version="1.0" encoding="UTF-8"?>
<!-- Generated by org.testng.reporters.JUnitReportReporter -->
<testsuite skipped="0" hostname="INPUSCPC10382" name="tests.TestCases" tests="3" failures="0" timestamp="10 Aug 2018 12:50:13 GMT" time="90.312" errors="0">
  <testcase name="VerifyDatePicker" time="26.038" classname="tests.TestCases"/>
  <testcase name="Selectable" time="24.721" classname="tests.TestCases"/>
  <testcase name="Registration" time="39.553" classname="tests.TestCases"/>
</testsuite> <!-- tests.TestCases -->
