<?xml version="1.0" encoding="UTF-8"?>
<!-- Generated by org.testng.reporters.JUnitReportReporter -->
<testsuite skipped="0" hostname="INPUSCPC10382" name="tests.TestCases" tests="3" failures="0" timestamp="26 Jul 2018 05:57:33 GMT" time="77.072" errors="0">
  <testcase name="Selectable" time="24.618" classname="tests.TestCases"/>
  <testcase name="Registration" time="25.845" classname="tests.TestCases"/>
  <testcase name="VerifyDatePicker" time="26.609" classname="tests.TestCases"/>
</testsuite> <!-- tests.TestCases -->
