<?xml version="1.0" encoding="UTF-8"?>
<!-- Generated by org.testng.reporters.JUnitReportReporter -->
<testsuite skipped="1" hostname="INPUSCPC10382" name="tests.TestCases" tests="3" failures="0" timestamp="26 Jul 2018 12:27:41 GMT" time="50.428" errors="0">
  <testcase name="Registration" time="25.926" classname="tests.TestCases"/>
  <testcase name="VerifyDatePicker" time="24.502" classname="tests.TestCases"/>
  <testcase name="Selectable" classname="tests.TestCases">
    <skipped/>
  </testcase> <!-- Selectable -->
</testsuite> <!-- tests.TestCases -->
