<?xml version="1.0" encoding="UTF-8"?>
<!-- Generated by org.testng.reporters.JUnitReportReporter -->
<testsuite skipped="0" hostname="INPUSCPC10382" name="tests.TestCases" tests="3" failures="0" timestamp="24 Jul 2018 10:23:25 GMT" time="92.803" errors="0">
  <testcase name="VerifyDatePicker" time="24.649" classname="tests.TestCases"/>
  <testcase name="Selectable" time="29.640" classname="tests.TestCases"/>
  <testcase name="Registration" time="38.514" classname="tests.TestCases"/>
</testsuite> <!-- tests.TestCases -->
