<?xml version="1.0" encoding="UTF-8"?>
<!-- Generated by org.testng.reporters.JUnitReportReporter -->
<testsuite skipped="0" hostname="INPUSCPC10382" name="tests.ReflectionTest" tests="1" failures="0" timestamp="08 Aug 2018 11:45:52 GMT" time="0.379" errors="0">
  <testcase name="myTest1" time="0.379" classname="tests.ReflectionTest"/>
</testsuite> <!-- tests.ReflectionTest -->
