<?xml version="1.0" encoding="UTF-8"?>
<!-- Generated by org.testng.reporters.JUnitReportReporter -->
<testsuite skipped="2" hostname="INPUSCPC10382" name="tests.TestCases" tests="3" failures="0" timestamp="27 Jul 2018 05:47:29 GMT" time="28.619" errors="0">
  <testcase name="VerifyDatePicker" time="28.619" classname="tests.TestCases"/>
  <testcase name="Selectable" classname="tests.TestCases">
    <skipped/>
  </testcase> <!-- Selectable -->
  <testcase name="Registration" classname="tests.TestCases">
    <skipped/>
  </testcase> <!-- Registration -->
</testsuite> <!-- tests.TestCases -->
