<?xml version="1.0" encoding="UTF-8"?>
<!-- Generated by org.testng.reporters.JUnitReportReporter -->
<testsuite skipped="0" hostname="INPUSCPC10382" name="tests.SmokeTests" tests="1" failures="0" timestamp="25 Jul 2018 08:43:53 GMT" time="0.901" errors="0">
  <testcase name="getExcelData" time="0.901" classname="tests.SmokeTests"/>
</testsuite> <!-- tests.SmokeTests -->
